TN:
SF:C:\Projetos\git\vote-no-restaurante\vote-no-restaurante-ui\src\main\webapp\app\init.js
FN:2,(anonymous_1)
FN:8,(anonymous_2)
FN:15,(anonymous_3)
FNF:3
FNH:2
FNDA:1,(anonymous_1)
FNDA:1,(anonymous_2)
FNDA:0,(anonymous_3)
DA:1,1
DA:2,1
DA:3,1
DA:6,1
DA:8,1
DA:10,1
DA:11,1
DA:15,1
DA:16,0
DA:23,1
LF:10
LH:9
BRF:0
BRH:0
end_of_record
TN:
SF:C:\Projetos\git\vote-no-restaurante\vote-no-restaurante-ui\src\main\webapp\app\ranking\RankingController.js
FN:1,(anonymous_1)
FN:3,(anonymous_2)
FN:41,(anonymous_3)
FN:64,(anonymous_4)
FN:66,(anonymous_5)
FN:72,(anonymous_6)
FN:77,(anonymous_7)
FN:87,(anonymous_8)
FNF:8
FNH:2
FNDA:1,(anonymous_1)
FNDA:1,(anonymous_2)
FNDA:0,(anonymous_3)
FNDA:0,(anonymous_4)
FNDA:0,(anonymous_5)
FNDA:0,(anonymous_6)
FNDA:0,(anonymous_7)
FNDA:0,(anonymous_8)
DA:1,1
DA:3,1
DA:5,1
DA:6,1
DA:41,1
DA:43,0
DA:44,0
DA:45,0
DA:48,0
DA:49,0
DA:50,0
DA:52,0
DA:55,0
DA:59,0
DA:62,1
DA:64,1
DA:65,0
DA:66,0
DA:67,0
DA:72,1
DA:73,0
DA:74,0
DA:75,0
DA:76,0
DA:77,0
DA:78,0
DA:79,0
DA:80,0
DA:87,1
DA:88,0
DA:89,0
DA:90,0
DA:91,0
DA:92,0
LF:34
LH:9
BRDA:43,1,0,0
BRDA:43,1,1,0
BRDA:43,2,0,0
BRDA:43,2,1,0
BRDA:48,3,0,0
BRDA:48,3,1,0
BRDA:65,4,0,0
BRDA:65,4,1,0
BRDA:75,5,0,0
BRDA:75,5,1,0
BRDA:76,6,0,0
BRDA:76,6,1,0
BRDA:79,7,0,0
BRDA:79,7,1,0
BRF:14
BRH:0
end_of_record
TN:
SF:C:\Projetos\git\vote-no-restaurante\vote-no-restaurante-ui\src\main\webapp\app\ranking\RankingService.js
FN:1,(anonymous_1)
FN:3,(anonymous_2)
FN:5,(anonymous_3)
FN:6,(anonymous_4)
FN:10,(anonymous_5)
FN:11,(anonymous_6)
FN:15,(anonymous_7)
FN:16,(anonymous_8)
FNF:8
FNH:2
FNDA:1,(anonymous_1)
FNDA:1,(anonymous_2)
FNDA:0,(anonymous_3)
FNDA:0,(anonymous_4)
FNDA:0,(anonymous_5)
FNDA:0,(anonymous_6)
FNDA:0,(anonymous_7)
FNDA:0,(anonymous_8)
DA:1,1
DA:3,1
DA:5,1
DA:6,0
DA:10,1
DA:11,0
DA:15,1
DA:16,0
DA:20,1
LF:9
LH:6
BRF:0
BRH:0
end_of_record
TN:
SF:C:\Projetos\git\vote-no-restaurante\vote-no-restaurante-ui\src\main\webapp\app\restaurante\RestauranteService.js
FN:1,(anonymous_1)
FN:3,(anonymous_2)
FN:5,(anonymous_3)
FN:6,(anonymous_4)
FNF:4
FNH:2
FNDA:1,(anonymous_1)
FNDA:1,(anonymous_2)
FNDA:0,(anonymous_3)
FNDA:0,(anonymous_4)
DA:1,1
DA:3,1
DA:5,1
DA:6,0
DA:10,1
LF:5
LH:4
BRF:0
BRH:0
end_of_record
TN:
SF:C:\Projetos\git\vote-no-restaurante\vote-no-restaurante-ui\src\main\webapp\app\restaurante\RestauranteHttpFacade.js
FN:1,(anonymous_1)
FN:3,(anonymous_2)
FN:6,(anonymous_3)
FNF:3
FNH:2
FNDA:1,(anonymous_1)
FNDA:1,(anonymous_2)
FNDA:0,(anonymous_3)
DA:1,1
DA:3,1
DA:6,1
DA:7,0
DA:10,1
LF:5
LH:4
BRF:0
BRH:0
end_of_record
TN:
SF:C:\Projetos\git\vote-no-restaurante\vote-no-restaurante-ui\src\main\webapp\app\ranking\RankingHttpFacade.js
FN:1,(anonymous_1)
FN:3,(anonymous_2)
FN:6,(anonymous_3)
FN:11,(anonymous_4)
FN:16,(anonymous_5)
FNF:5
FNH:2
FNDA:1,(anonymous_1)
FNDA:1,(anonymous_2)
FNDA:0,(anonymous_3)
FNDA:0,(anonymous_4)
FNDA:0,(anonymous_5)
DA:1,1
DA:3,1
DA:6,1
DA:7,0
DA:11,1
DA:12,0
DA:16,1
DA:17,0
DA:22,1
LF:9
LH:6
BRF:0
BRH:0
end_of_record
TN:
SF:C:\Projetos\git\vote-no-restaurante\vote-no-restaurante-ui\src\main\webapp\app\app.js
FN:1,(anonymous_1)
FNF:1
FNH:1
FNDA:1,(anonymous_1)
DA:1,1
DA:2,1
LF:2
LH:2
BRF:0
BRH:0
end_of_record
TN:
SF:C:\Projetos\git\vote-no-restaurante\vote-no-restaurante-ui\src\main\webapp\app\routes.js
FN:1,(anonymous_1)
FN:2,(anonymous_2)
FNF:2
FNH:2
FNDA:1,(anonymous_1)
FNDA:1,(anonymous_2)
DA:1,1
DA:2,1
DA:4,1
DA:5,1
DA:7,1
DA:14,1
DA:21,1
DA:28,1
DA:35,1
DA:42,1
LF:10
LH:10
BRF:0
BRH:0
end_of_record
TN:
SF:C:\Projetos\git\vote-no-restaurante\vote-no-restaurante-ui\src\main\webapp\app\config.js
FN:1,(anonymous_1)
FN:3,(anonymous_2)
FN:22,(anonymous_3)
FN:29,(anonymous_4)
FN:40,(anonymous_5)
FN:47,(anonymous_6)
FN:48,(anonymous_7)
FN:53,(anonymous_8)
FN:57,(anonymous_9)
FN:63,(anonymous_10)
FN:66,(anonymous_11)
FN:71,(anonymous_12)
FN:80,(anonymous_13)
FN:83,(anonymous_14)
FN:89,(anonymous_15)
FN:104,(anonymous_16)
FN:114,(anonymous_17)
FN:116,(anonymous_18)
FN:117,(anonymous_19)
FN:127,(anonymous_20)
FN:131,(anonymous_21)
FN:141,(anonymous_22)
FN:157,(anonymous_23)
FN:160,(anonymous_24)
FN:161,(anonymous_25)
FN:168,(anonymous_26)
FN:174,(anonymous_27)
FN:176,(anonymous_28)
FN:180,(anonymous_29)
FN:187,(anonymous_30)
FN:188,(anonymous_31)
FN:189,(anonymous_32)
FN:191,(anonymous_33)
FN:203,(anonymous_34)
FN:204,(anonymous_35)
FNF:35
FNH:2
FNDA:1,(anonymous_1)
FNDA:1,(anonymous_2)
FNDA:0,(anonymous_3)
FNDA:0,(anonymous_4)
FNDA:0,(anonymous_5)
FNDA:0,(anonymous_6)
FNDA:0,(anonymous_7)
FNDA:0,(anonymous_8)
FNDA:0,(anonymous_9)
FNDA:0,(anonymous_10)
FNDA:0,(anonymous_11)
FNDA:0,(anonymous_12)
FNDA:0,(anonymous_13)
FNDA:0,(anonymous_14)
FNDA:0,(anonymous_15)
FNDA:0,(anonymous_16)
FNDA:0,(anonymous_17)
FNDA:0,(anonymous_18)
FNDA:0,(anonymous_19)
FNDA:0,(anonymous_20)
FNDA:0,(anonymous_21)
FNDA:0,(anonymous_22)
FNDA:0,(anonymous_23)
FNDA:0,(anonymous_24)
FNDA:0,(anonymous_25)
FNDA:0,(anonymous_26)
FNDA:0,(anonymous_27)
FNDA:0,(anonymous_28)
FNDA:0,(anonymous_29)
FNDA:0,(anonymous_30)
FNDA:0,(anonymous_31)
FNDA:0,(anonymous_32)
FNDA:0,(anonymous_33)
FNDA:0,(anonymous_34)
FNDA:0,(anonymous_35)
DA:1,1
DA:3,1
DA:4,1
DA:6,1
DA:8,1
DA:15,1
DA:22,1
DA:24,0
DA:29,1
DA:31,0
DA:40,1
DA:41,0
DA:47,1
DA:48,0
DA:49,0
DA:53,1
DA:54,0
DA:58,0
DA:63,1
DA:64,0
DA:67,0
DA:68,0
DA:71,0
DA:72,0
DA:73,0
DA:80,1
DA:81,0
DA:84,0
DA:85,0
DA:88,0
DA:90,0
DA:91,0
DA:93,0
DA:95,0
DA:96,0
DA:98,0
DA:101,0
DA:104,0
DA:105,0
DA:106,0
DA:114,1
DA:115,0
DA:117,0
DA:118,0
DA:119,0
DA:120,0
DA:127,1
DA:128,0
DA:132,0
DA:137,0
DA:138,0
DA:141,0
DA:142,0
DA:143,0
DA:144,0
DA:145,0
DA:146,0
DA:148,0
DA:151,0
DA:157,1
DA:158,0
DA:161,0
DA:162,0
DA:168,1
DA:169,0
DA:176,0
DA:177,0
DA:180,0
DA:181,0
DA:187,1
DA:188,0
DA:189,0
DA:190,0
DA:191,0
DA:192,0
DA:197,0
DA:203,1
DA:204,0
DA:205,0
DA:206,0
DA:207,0
DA:209,0
LF:82
LH:19
BRDA:67,1,0,0
BRDA:67,1,1,0
BRDA:72,2,0,0
BRDA:72,2,1,0
BRDA:84,3,0,0
BRDA:84,3,1,0
BRDA:90,4,0,0
BRDA:90,4,1,0
BRDA:93,5,0,0
BRDA:93,5,1,0
BRDA:105,6,0,0
BRDA:105,6,1,0
BRDA:118,7,0,0
BRDA:118,7,1,0
BRDA:133,8,0,0
BRDA:133,8,1,0
BRDA:134,9,0,0
BRDA:134,9,1,0
BRDA:137,10,0,0
BRDA:137,10,1,0
BRDA:142,11,0,0
BRDA:142,11,1,0
BRDA:143,12,0,0
BRDA:143,12,1,0
BRDA:190,13,0,0
BRDA:190,13,1,0
BRDA:205,14,0,0
BRDA:205,14,1,0
BRF:28
BRH:0
end_of_record
TN:
SF:C:\Projetos\git\vote-no-restaurante\vote-no-restaurante-ui\src\main\webapp\app\run.js
FN:1,(anonymous_1)
FN:4,(anonymous_2)
FN:5,(anonymous_3)
FN:10,(anonymous_4)
FN:11,(anonymous_5)
FN:16,(anonymous_6)
FN:17,(anonymous_7)
FN:22,(anonymous_8)
FN:27,(anonymous_9)
FN:36,(anonymous_10)
FN:38,(anonymous_11)
FN:44,(anonymous_12)
FN:47,(anonymous_13)
FN:53,(anonymous_14)
FN:69,(anonymous_15)
FN:75,(anonymous_16)
FNF:16
FNH:7
FNDA:1,(anonymous_1)
FNDA:1,(anonymous_2)
FNDA:0,(anonymous_3)
FNDA:1,(anonymous_4)
FNDA:0,(anonymous_5)
FNDA:1,(anonymous_6)
FNDA:0,(anonymous_7)
FNDA:1,(anonymous_8)
FNDA:0,(anonymous_9)
FNDA:1,(anonymous_10)
FNDA:0,(anonymous_11)
FNDA:1,(anonymous_12)
FNDA:0,(anonymous_13)
FNDA:0,(anonymous_14)
FNDA:0,(anonymous_15)
FNDA:0,(anonymous_16)
DA:1,1
DA:2,1
DA:5,1
DA:6,0
DA:11,1
DA:12,0
DA:17,1
DA:18,0
DA:23,1
DA:24,1
DA:25,1
DA:26,1
DA:27,1
DA:28,0
DA:29,0
DA:30,0
DA:31,0
DA:32,0
DA:36,1
DA:38,1
DA:39,0
DA:44,1
DA:45,1
DA:47,1
DA:48,0
DA:50,0
DA:53,1
DA:54,0
DA:57,0
DA:59,0
DA:61,0
DA:63,0
DA:65,0
DA:69,1
DA:70,0
DA:71,0
DA:75,1
DA:76,0
DA:78,0
DA:79,0
DA:84,0
DA:85,0
DA:91,0
DA:95,1
LF:44
LH:19
BRDA:54,1,0,0
BRDA:54,1,1,0
BRDA:54,1,2,0
BRDA:54,1,3,0
BRDA:70,2,0,0
BRDA:70,2,1,0
BRDA:78,3,0,0
BRDA:78,3,1,0
BRDA:78,4,0,0
BRDA:78,4,1,0
BRF:10
BRH:0
end_of_record
TN:
SF:C:\Projetos\git\vote-no-restaurante\vote-no-restaurante-ui\src\main\webapp\app\messages.js
FN:1,(anonymous_1)
FN:4,(anonymous_2)
FN:8,(anonymous_3)
FN:9,(anonymous_4)
FN:18,(anonymous_5)
FN:19,(anonymous_6)
FN:27,(anonymous_7)
FN:30,(anonymous_8)
FN:34,(anonymous_9)
FN:36,(anonymous_10)
FN:41,(anonymous_11)
FN:51,(anonymous_12)
FN:61,(anonymous_13)
FN:63,(anonymous_14)
FN:72,(anonymous_15)
FN:76,(anonymous_16)
FN:79,(anonymous_17)
FN:82,(anonymous_18)
FN:85,(anonymous_19)
FNF:19
FNH:2
FNDA:1,(anonymous_1)
FNDA:0,(anonymous_2)
FNDA:0,(anonymous_3)
FNDA:0,(anonymous_4)
FNDA:0,(anonymous_5)
FNDA:0,(anonymous_6)
FNDA:1,(anonymous_7)
FNDA:0,(anonymous_8)
FNDA:0,(anonymous_9)
FNDA:0,(anonymous_10)
FNDA:0,(anonymous_11)
FNDA:0,(anonymous_12)
FNDA:0,(anonymous_13)
FNDA:0,(anonymous_14)
FNDA:0,(anonymous_15)
FNDA:0,(anonymous_16)
FNDA:0,(anonymous_17)
FNDA:0,(anonymous_18)
FNDA:0,(anonymous_19)
DA:1,1
DA:2,1
DA:5,0
DA:9,0
DA:10,0
DA:14,0
DA:18,0
DA:19,0
DA:20,0
DA:21,0
DA:24,0
DA:27,1
DA:28,1
DA:29,1
DA:30,1
DA:31,0
DA:34,1
DA:35,0
DA:36,0
DA:37,0
DA:41,1
DA:42,0
DA:43,0
DA:45,0
DA:49,1
DA:51,1
DA:52,0
DA:53,0
DA:54,0
DA:56,0
DA:61,1
DA:62,0
DA:63,0
DA:64,0
DA:66,0
DA:72,1
DA:73,0
DA:76,1
DA:77,0
DA:79,1
DA:80,0
DA:82,1
DA:83,0
DA:85,1
DA:86,0
DA:88,1
LF:46
LH:17
BRDA:42,1,0,0
BRDA:42,1,1,0
BRDA:52,2,0,0
BRDA:52,2,1,0
BRDA:62,3,0,0
BRDA:62,3,1,0
BRDA:64,4,0,0
BRDA:64,4,1,0
BRDA:66,5,0,0
BRDA:66,5,1,0
BRF:10
BRH:0
end_of_record
